*** Starting uWSGI 2.0.21 (64bit) on [Thu Jan 12 04:46:19 2023] ***
compiled with version: 11.3.0 on 10 January 2023 02:34:04
os: Linux-5.15.0-1027-aws #31-Ubuntu SMP Wed Nov 30 20:19:26 UTC 2022
nodename: ip-172-31-6-25
machine: x86_64
clock source: unix
detected number of CPU cores: 1
current working directory: /home/ubuntu/day16
writing pidfile to uwsgi.pid
detected binary path: /usr/local/bin/uwsgi
!!! no internal routing support, rebuild with pcre support !!!
uWSGI running as root, you can use --uid/--gid/--chroot options
*** WARNING: you are running uWSGI as root !!! (use the --uid flag) *** 
chdir() to /home/ubuntu/day16
your processes number limit is 3811
your memory page size is 4096 bytes
detected max file descriptor number: 1024
lock engine: pthread robust mutexes
thunder lock: disabled (you can enable it with --thunder-lock)
uWSGI running as root, you can use --uid/--gid/--chroot options
*** WARNING: you are running uWSGI as root !!! (use the --uid flag) *** 
Python version: 3.10.6 (main, Nov 14 2022, 16:10:14) [GCC 11.3.0]
Python main interpreter initialized at 0x55f501803380
uWSGI running as root, you can use --uid/--gid/--chroot options
*** WARNING: you are running uWSGI as root !!! (use the --uid flag) *** 
python threads support enabled
The -s/--socket option is missing and stdin is not a socket.
*** Starting uWSGI 2.0.21 (64bit) on [Thu Jan 12 04:46:27 2023] ***
compiled with version: 11.3.0 on 10 January 2023 02:34:04
os: Linux-5.15.0-1027-aws #31-Ubuntu SMP Wed Nov 30 20:19:26 UTC 2022
nodename: ip-172-31-6-25
machine: x86_64
clock source: unix
detected number of CPU cores: 1
current working directory: /home/ubuntu/day16
writing pidfile to uwsgi.pid
detected binary path: /usr/local/bin/uwsgi
!!! no internal routing support, rebuild with pcre support !!!
uWSGI running as root, you can use --uid/--gid/--chroot options
*** WARNING: you are running uWSGI as root !!! (use the --uid flag) *** 
chdir() to /home/ubuntu/day16
your processes number limit is 3811
your memory page size is 4096 bytes
detected max file descriptor number: 1024
lock engine: pthread robust mutexes
thunder lock: disabled (you can enable it with --thunder-lock)
uWSGI running as root, you can use --uid/--gid/--chroot options
*** WARNING: you are running uWSGI as root !!! (use the --uid flag) *** 
Python version: 3.10.6 (main, Nov 14 2022, 16:10:14) [GCC 11.3.0]
Python main interpreter initialized at 0x558b0b98f380
uWSGI running as root, you can use --uid/--gid/--chroot options
*** WARNING: you are running uWSGI as root !!! (use the --uid flag) *** 
python threads support enabled
The -s/--socket option is missing and stdin is not a socket.
*** Starting uWSGI 2.0.21 (64bit) on [Thu Jan 12 04:51:34 2023] ***
compiled with version: 11.3.0 on 10 January 2023 02:34:04
os: Linux-5.15.0-1027-aws #31-Ubuntu SMP Wed Nov 30 20:19:26 UTC 2022
nodename: ip-172-31-6-25
machine: x86_64
clock source: unix
detected number of CPU cores: 1
current working directory: /home/ubuntu/day16
writing pidfile to uwsgi.pid
detected binary path: /usr/local/bin/uwsgi
!!! no internal routing support, rebuild with pcre support !!!
uWSGI running as root, you can use --uid/--gid/--chroot options
*** WARNING: you are running uWSGI as root !!! (use the --uid flag) *** 
chdir() to /home/ubuntu/day16
your processes number limit is 3811
your memory page size is 4096 bytes
detected max file descriptor number: 1024
lock engine: pthread robust mutexes
thunder lock: disabled (you can enable it with --thunder-lock)
uWSGI running as root, you can use --uid/--gid/--chroot options
*** WARNING: you are running uWSGI as root !!! (use the --uid flag) *** 
Python version: 3.10.6 (main, Nov 14 2022, 16:10:14) [GCC 11.3.0]
Python main interpreter initialized at 0x55a23be18380
uWSGI running as root, you can use --uid/--gid/--chroot options
*** WARNING: you are running uWSGI as root !!! (use the --uid flag) *** 
python threads support enabled
The -s/--socket option is missing and stdin is not a socket.
*** Starting uWSGI 2.0.21 (64bit) on [Thu Jan 12 04:52:55 2023] ***
compiled with version: 11.3.0 on 10 January 2023 02:34:04
os: Linux-5.15.0-1027-aws #31-Ubuntu SMP Wed Nov 30 20:19:26 UTC 2022
nodename: ip-172-31-6-25
machine: x86_64
clock source: unix
detected number of CPU cores: 1
current working directory: /home/ubuntu/day16
writing pidfile to uwsgi.pid
detected binary path: /usr/local/bin/uwsgi
!!! no internal routing support, rebuild with pcre support !!!
uWSGI running as root, you can use --uid/--gid/--chroot options
*** WARNING: you are running uWSGI as root !!! (use the --uid flag) *** 
chdir() to /home/ubuntu/day16
your processes number limit is 3811
your memory page size is 4096 bytes
detected max file descriptor number: 1024
lock engine: pthread robust mutexes
thunder lock: disabled (you can enable it with --thunder-lock)
uWSGI running as root, you can use --uid/--gid/--chroot options
*** WARNING: you are running uWSGI as root !!! (use the --uid flag) *** 
Python version: 3.10.6 (main, Nov 14 2022, 16:10:14) [GCC 11.3.0]
Python main interpreter initialized at 0x560b6519c590
uWSGI running as root, you can use --uid/--gid/--chroot options
*** WARNING: you are running uWSGI as root !!! (use the --uid flag) *** 
python threads support enabled
The -s/--socket option is missing and stdin is not a socket.
*** Starting uWSGI 2.0.21 (64bit) on [Thu Jan 12 04:52:56 2023] ***
compiled with version: 11.3.0 on 10 January 2023 02:34:04
os: Linux-5.15.0-1027-aws #31-Ubuntu SMP Wed Nov 30 20:19:26 UTC 2022
nodename: ip-172-31-6-25
machine: x86_64
clock source: unix
detected number of CPU cores: 1
current working directory: /home/ubuntu/day16
writing pidfile to uwsgi.pid
detected binary path: /usr/local/bin/uwsgi
!!! no internal routing support, rebuild with pcre support !!!
uWSGI running as root, you can use --uid/--gid/--chroot options
*** WARNING: you are running uWSGI as root !!! (use the --uid flag) *** 
chdir() to /home/ubuntu/day16
your processes number limit is 3811
your memory page size is 4096 bytes
detected max file descriptor number: 1024
lock engine: pthread robust mutexes
thunder lock: disabled (you can enable it with --thunder-lock)
uWSGI running as root, you can use --uid/--gid/--chroot options
*** WARNING: you are running uWSGI as root !!! (use the --uid flag) *** 
Python version: 3.10.6 (main, Nov 14 2022, 16:10:14) [GCC 11.3.0]
Python main interpreter initialized at 0x55abcee99590
uWSGI running as root, you can use --uid/--gid/--chroot options
*** WARNING: you are running uWSGI as root !!! (use the --uid flag) *** 
python threads support enabled
The -s/--socket option is missing and stdin is not a socket.
*** Starting uWSGI 2.0.21 (64bit) on [Thu Jan 12 04:59:20 2023] ***
compiled with version: 11.3.0 on 10 January 2023 02:34:04
os: Linux-5.15.0-1027-aws #31-Ubuntu SMP Wed Nov 30 20:19:26 UTC 2022
nodename: ip-172-31-6-25
machine: x86_64
clock source: unix
detected number of CPU cores: 1
current working directory: /home/ubuntu/day16
writing pidfile to uwsgi.pid
detected binary path: /usr/local/bin/uwsgi
!!! no internal routing support, rebuild with pcre support !!!
uWSGI running as root, you can use --uid/--gid/--chroot options
*** WARNING: you are running uWSGI as root !!! (use the --uid flag) *** 
chdir() to /home/ubuntu/day16
your processes number limit is 3811
your memory page size is 4096 bytes
detected max file descriptor number: 1024
lock engine: pthread robust mutexes
thunder lock: disabled (you can enable it with --thunder-lock)
uwsgi socket 0 bound to TCP address 127.0.0.1:8000 fd 3
uWSGI running as root, you can use --uid/--gid/--chroot options
*** WARNING: you are running uWSGI as root !!! (use the --uid flag) *** 
Python version: 3.10.6 (main, Nov 14 2022, 16:10:14) [GCC 11.3.0]
Python main interpreter initialized at 0x564bbf7f86b0
uWSGI running as root, you can use --uid/--gid/--chroot options
*** WARNING: you are running uWSGI as root !!! (use the --uid flag) *** 
python threads support enabled
your server socket listen backlog is limited to 100 connections
your mercy for graceful operations on workers is 60 seconds
mapped 416880 bytes (407 KB) for 8 cores
*** Operational MODE: preforking+threaded ***
WSGI app 0 (mountpoint='') ready in 0 seconds on interpreter 0x564bbf7f86b0 pid: 10420 (default app)
uWSGI running as root, you can use --uid/--gid/--chroot options
*** WARNING: you are running uWSGI as root !!! (use the --uid flag) *** 
*** uWSGI is running in multiple interpreter mode ***
spawned uWSGI master process (pid: 10420)
spawned uWSGI worker 1 (pid: 10421, cores: 2)
spawned uWSGI worker 2 (pid: 10422, cores: 2)
spawned uWSGI worker 3 (pid: 10423, cores: 2)
spawned uWSGI worker 4 (pid: 10424, cores: 2)
*** Starting uWSGI 2.0.21 (64bit) on [Thu Jan 12 05:00:18 2023] ***
compiled with version: 11.3.0 on 10 January 2023 02:34:04
os: Linux-5.15.0-1027-aws #31-Ubuntu SMP Wed Nov 30 20:19:26 UTC 2022
nodename: ip-172-31-6-25
machine: x86_64
clock source: unix
detected number of CPU cores: 1
current working directory: /home/ubuntu/day16
writing pidfile to uwsgi.pid
detected binary path: /usr/local/bin/uwsgi
!!! no internal routing support, rebuild with pcre support !!!
uWSGI running as root, you can use --uid/--gid/--chroot options
*** WARNING: you are running uWSGI as root !!! (use the --uid flag) *** 
chdir() to /home/ubuntu/day16
your processes number limit is 3811
your memory page size is 4096 bytes
detected max file descriptor number: 1024
lock engine: pthread robust mutexes
thunder lock: disabled (you can enable it with --thunder-lock)
probably another instance of uWSGI is running on the same address (127.0.0.1:8000).
bind(): Address already in use [core/socket.c line 769]
*** Starting uWSGI 2.0.21 (64bit) on [Thu Jan 12 05:33:50 2023] ***
compiled with version: 11.3.0 on 10 January 2023 02:34:04
os: Linux-5.15.0-1027-aws #31-Ubuntu SMP Wed Nov 30 20:19:26 UTC 2022
nodename: ip-172-31-6-25
machine: x86_64
clock source: unix
detected number of CPU cores: 1
current working directory: /home/ubuntu/day16
writing pidfile to uwsgi.pid
detected binary path: /usr/local/bin/uwsgi
!!! no internal routing support, rebuild with pcre support !!!
uWSGI running as root, you can use --uid/--gid/--chroot options
*** WARNING: you are running uWSGI as root !!! (use the --uid flag) *** 
chdir() to /home/ubuntu/day16
your processes number limit is 3811
your memory page size is 4096 bytes
detected max file descriptor number: 1024
lock engine: pthread robust mutexes
thunder lock: disabled (you can enable it with --thunder-lock)
probably another instance of uWSGI is running on the same address (127.0.0.1:8000).
bind(): Address already in use [core/socket.c line 769]
Thu Jan 12 05:34:35 2023 - uWSGI worker 1 screams: UAAAAAAH my master disconnected: i will kill myself !!!
Thu Jan 12 05:34:35 2023 - uWSGI worker 2 screams: UAAAAAAH my master disconnected: i will kill myself !!!
Thu Jan 12 05:34:35 2023 - uWSGI worker 4 screams: UAAAAAAH my master disconnected: i will kill myself !!!
Thu Jan 12 05:34:35 2023 - uWSGI worker 3 screams: UAAAAAAH my master disconnected: i will kill myself !!!
Thu Jan 12 05:34:35 2023 - uWSGI worker 1 screams: UAAAAAAH my master disconnected: i will kill myself !!!
Thu Jan 12 05:34:35 2023 - uWSGI worker 2 screams: UAAAAAAH my master disconnected: i will kill myself !!!
Thu Jan 12 05:34:35 2023 - uWSGI worker 4 screams: UAAAAAAH my master disconnected: i will kill myself !!!
Thu Jan 12 05:34:35 2023 - uWSGI worker 3 screams: UAAAAAAH my master disconnected: i will kill myself !!!
*** Starting uWSGI 2.0.21 (64bit) on [Thu Jan 12 05:34:46 2023] ***
compiled with version: 11.3.0 on 10 January 2023 02:34:04
os: Linux-5.15.0-1027-aws #31-Ubuntu SMP Wed Nov 30 20:19:26 UTC 2022
nodename: ip-172-31-6-25
machine: x86_64
clock source: unix
detected number of CPU cores: 1
current working directory: /home/ubuntu/day16
writing pidfile to uwsgi.pid
detected binary path: /usr/local/bin/uwsgi
!!! no internal routing support, rebuild with pcre support !!!
uWSGI running as root, you can use --uid/--gid/--chroot options
*** WARNING: you are running uWSGI as root !!! (use the --uid flag) *** 
chdir() to /home/ubuntu/day16
your processes number limit is 3811
your memory page size is 4096 bytes
detected max file descriptor number: 1024
lock engine: pthread robust mutexes
thunder lock: disabled (you can enable it with --thunder-lock)
uwsgi socket 0 bound to TCP address 127.0.0.1:8000 fd 3
uWSGI running as root, you can use --uid/--gid/--chroot options
*** WARNING: you are running uWSGI as root !!! (use the --uid flag) *** 
Python version: 3.10.6 (main, Nov 14 2022, 16:10:14) [GCC 11.3.0]
Python main interpreter initialized at 0x55dc9ac17860
uWSGI running as root, you can use --uid/--gid/--chroot options
*** WARNING: you are running uWSGI as root !!! (use the --uid flag) *** 
python threads support enabled
your server socket listen backlog is limited to 100 connections
your mercy for graceful operations on workers is 60 seconds
mapped 416880 bytes (407 KB) for 8 cores
*** Operational MODE: preforking+threaded ***
WSGI app 0 (mountpoint='') ready in 1 seconds on interpreter 0x55dc9ac17860 pid: 11097 (default app)
uWSGI running as root, you can use --uid/--gid/--chroot options
*** WARNING: you are running uWSGI as root !!! (use the --uid flag) *** 
*** uWSGI is running in multiple interpreter mode ***
spawned uWSGI master process (pid: 11097)
spawned uWSGI worker 1 (pid: 11098, cores: 2)
spawned uWSGI worker 2 (pid: 11099, cores: 2)
spawned uWSGI worker 3 (pid: 11100, cores: 2)
spawned uWSGI worker 4 (pid: 11101, cores: 2)
*** Starting uWSGI 2.0.21 (64bit) on [Thu Jan 12 05:36:06 2023] ***
compiled with version: 11.3.0 on 10 January 2023 02:34:04
os: Linux-5.15.0-1027-aws #31-Ubuntu SMP Wed Nov 30 20:19:26 UTC 2022
nodename: ip-172-31-6-25
machine: x86_64
clock source: unix
detected number of CPU cores: 1
current working directory: /home/ubuntu/day16
writing pidfile to uwsgi.pid
detected binary path: /usr/local/bin/uwsgi
!!! no internal routing support, rebuild with pcre support !!!
uWSGI running as root, you can use --uid/--gid/--chroot options
*** WARNING: you are running uWSGI as root !!! (use the --uid flag) *** 
chdir() to /home/ubuntu/day16
your processes number limit is 3811
your memory page size is 4096 bytes
detected max file descriptor number: 1024
lock engine: pthread robust mutexes
thunder lock: disabled (you can enable it with --thunder-lock)
probably another instance of uWSGI is running on the same address (127.0.0.1:8000).
bind(): Address already in use [core/socket.c line 769]
*** Starting uWSGI 2.0.21 (64bit) on [Thu Jan 12 05:36:51 2023] ***
compiled with version: 11.3.0 on 10 January 2023 02:34:04
os: Linux-5.15.0-1027-aws #31-Ubuntu SMP Wed Nov 30 20:19:26 UTC 2022
nodename: ip-172-31-6-25
machine: x86_64
clock source: unix
detected number of CPU cores: 1
current working directory: /home/ubuntu/day16
writing pidfile to uwsgi.pid
detected binary path: /usr/local/bin/uwsgi
!!! no internal routing support, rebuild with pcre support !!!
uWSGI running as root, you can use --uid/--gid/--chroot options
*** WARNING: you are running uWSGI as root !!! (use the --uid flag) *** 
chdir() to /home/ubuntu/day16
your processes number limit is 3811
your memory page size is 4096 bytes
detected max file descriptor number: 1024
lock engine: pthread robust mutexes
thunder lock: disabled (you can enable it with --thunder-lock)
probably another instance of uWSGI is running on the same address (127.0.0.1:8000).
bind(): Address already in use [core/socket.c line 769]
Thu Jan 12 07:33:58 2023 - uWSGI worker 1 screams: UAAAAAAH my master disconnected: i will kill myself !!!
Thu Jan 12 07:33:58 2023 - uWSGI worker 2 screams: UAAAAAAH my master disconnected: i will kill myself !!!
Thu Jan 12 07:33:58 2023 - uWSGI worker 4 screams: UAAAAAAH my master disconnected: i will kill myself !!!
Thu Jan 12 07:33:58 2023 - uWSGI worker 3 screams: UAAAAAAH my master disconnected: i will kill myself !!!
Thu Jan 12 07:33:58 2023 - uWSGI worker 1 screams: UAAAAAAH my master disconnected: i will kill myself !!!
Thu Jan 12 07:33:58 2023 - uWSGI worker 2 screams: UAAAAAAH my master disconnected: i will kill myself !!!
Thu Jan 12 07:33:58 2023 - uWSGI worker 4 screams: UAAAAAAH my master disconnected: i will kill myself !!!
Thu Jan 12 07:33:58 2023 - uWSGI worker 3 screams: UAAAAAAH my master disconnected: i will kill myself !!!
